2026-05-31T09:21:56.428Z [[32minfo[39m] HTTP Request {"method":"GET","url":"/health","status":304,"duration":"7ms"}
2026-05-31T09:21:56.519Z [[32minfo[39m] HTTP Request {"method":"GET","url":"/favicon.ico","status":404,"duration":"7ms"}
2026-05-31T09:27:54.924Z [[32minfo[39m] HTTP Request {"method":"GET","url":"/health","status":304,"duration":"10ms"}
2026-05-31T09:28:00.121Z [[32minfo[39m] HTTP Request {"method":"GET","url":"/health","status":304,"duration":"3ms"}
2026-05-31T09:28:01.148Z [[32minfo[39m] HTTP Request {"method":"GET","url":"/health","status":304,"duration":"1ms"}
2026-05-31T09:28:05.732Z [[33mwarn[39m] HTTP Request {"method":"GET","url":"/","status":404,"duration":"10ms"}
2026-05-31T09:31:01.760Z [info] HTTP Request {"method":"GET","url":"/health","status":304,"duration":"10ms"}
2026-05-31T09:42:03.821Z [info] HTTP Request {"method":"GET","url":"/health","status":304,"duration":"5ms"}
2026-05-31T09:48:35.903Z [info] Auth microservice successfully started {"port":"3001"}
2026-05-31T09:49:08.094Z [info] Auth microservice successfully started {"port":3001}
2026-05-31T09:55:45.684Z [info] Auth microservice successfully started {"port":3001}
2026-05-31T09:55:52.048Z [debug] Health check endpoint evaluated 
2026-05-31T09:55:52.053Z [info] HTTP Request {"method":"GET","url":"/health","status":304,"duration":"6ms"}
2026-05-31T10:15:26.754Z [info] Auth microservice successfully started {"port":3001}
2026-05-31T10:17:16.462Z [info] Auth microservice successfully started {"port":3001}
2026-05-31T10:23:48.833Z [info] Auth microservice successfully started {"port":3001}
2026-05-31T10:26:01.096Z [info] Auth microservice successfully started {"port":3001}
2026-05-31T10:27:08.498Z [info] Auth microservice successfully started {"port":3001}
2026-05-31T10:28:15.200Z [info] Auth microservice successfully started {"port":3001}
2026-05-31T10:28:29.063Z [info] Auth microservice successfully started {"port":3001}
2026-05-31T10:44:21.095Z [info] Auth microservice successfully started {"port":3001}
2026-05-31T10:51:47.719Z [info] Auth microservice successfully started {"port":3001}
2026-06-04T05:21:15.109Z [warn] Registration blocked: email already exists {"email":"test@mail.com"}
2026-06-04T05:30:26.201Z [warn] HTTP Request {"method":"GET","url":"/api/health","status":404,"duration":"3ms"}
2026-06-04T05:30:50.680Z [warn] HTTP Request {"method":"GET","url":"/api/health","status":404,"duration":"1ms"}
2026-06-04T05:30:55.430Z [warn] HTTP Request {"method":"GET","url":"/api/health","status":404,"duration":"1ms"}
2026-06-04T05:31:00.594Z [warn] HTTP Request {"method":"GET","url":"/api/health","status":404,"duration":"1ms"}
2026-06-04T05:31:14.261Z [warn] HTTP Request {"method":"GET","url":"/api/health","status":404,"duration":"2ms"}
2026-06-04T05:32:39.145Z [debug] Health check endpoint evaluated 
2026-06-04T05:32:39.147Z [info] HTTP Request {"method":"GET","url":"/health","status":200,"duration":"5ms"}
2026-06-04T05:33:04.431Z [debug] Health check endpoint evaluated 
2026-06-04T05:33:04.433Z [info] HTTP Request {"method":"GET","url":"/health","status":200,"duration":"6ms"}
2026-06-04T05:33:18.580Z [debug] Health check endpoint evaluated 
2026-06-04T05:33:18.582Z [info] HTTP Request {"method":"GET","url":"/health","status":200,"duration":"7ms"}
2026-06-04T05:33:20.507Z [debug] Health check endpoint evaluated 
2026-06-04T05:33:20.510Z [info] HTTP Request {"method":"GET","url":"/health","status":200,"duration":"4ms"}
2026-06-04T05:35:02.532Z [debug] Health check endpoint evaluated 
2026-06-04T05:35:02.534Z [info] HTTP Request {"method":"GET","url":"/health","status":200,"duration":"3ms"}
2026-06-04T05:35:44.380Z [debug] Health check endpoint evaluated 
2026-06-04T05:35:44.382Z [info] HTTP Request {"method":"GET","url":"/health","status":200,"duration":"3ms"}
2026-06-04T05:57:01.496Z [warn] Registration blocked: email already exists {"email":"existing@example.com"}
2026-06-04T05:57:01.503Z [warn] Login failed: email not found {"email":"wrong@mail.com"}
2026-06-04T05:57:01.657Z [warn] Login failed: incorrect password {"email":"user@mail.com","userId":"id"}
2026-06-04T05:57:02.031Z [debug] Health check endpoint evaluated 
2026-06-04T05:57:02.033Z [info] HTTP Request {"method":"GET","url":"/health","status":200,"duration":"5ms"}
2026-06-04T06:07:15.932Z [debug] Health check endpoint evaluated 
2026-06-04T06:07:15.934Z [info] HTTP Request {"method":"GET","url":"/health","status":200,"duration":"6ms"}
2026-06-04T06:25:14.294Z [warn] Registration blocked: email already exists {"email":"existing_email@gtest.com"}
2026-06-04T06:25:14.445Z [warn] Login failed: incorrect password {"email":"a@b.com","userId":"id"}
2026-06-04T06:25:14.787Z [debug] Health check endpoint evaluated 
2026-06-04T06:25:14.790Z [info] HTTP Request {"method":"GET","url":"/health","status":200,"duration":"5ms"}
2026-06-04T06:33:41.535Z [warn] Registration blocked: email already exists {"email":"existing_email@gtest.com"}
2026-06-04T06:33:41.693Z [warn] Login failed: incorrect password {"email":"a@b.com","userId":"id"}
2026-06-04T06:33:42.109Z [debug] Health check endpoint evaluated 
2026-06-04T06:33:42.112Z [info] HTTP Request {"method":"GET","url":"/health","status":200,"duration":"5ms"}
2026-06-04T06:33:42.119Z [warn] Operational application warning: Validation Error {"path":"/auth/register","method":"POST","statusCode":400}
2026-06-04T06:33:42.121Z [info] HTTP Request {"method":"POST","url":"/auth/register","status":400,"duration":"11ms"}
2026-06-04T06:33:42.128Z [warn] Operational application warning: No access token provided {"path":"/auth/logout","method":"POST","statusCode":401}
2026-06-04T06:33:42.129Z [info] HTTP Request {"method":"POST","url":"/auth/logout","status":401,"duration":"2ms"}
2026-06-04T06:34:32.285Z [warn] Registration blocked: email already exists {"email":"existing_email@gtest.com"}
2026-06-04T06:34:32.446Z [warn] Login failed: incorrect password {"email":"a@b.com","userId":"id"}
2026-06-04T06:34:32.856Z [debug] Health check endpoint evaluated 
2026-06-04T06:34:32.858Z [info] HTTP Request {"method":"GET","url":"/health","status":200,"duration":"4ms"}
2026-06-04T06:34:32.866Z [warn] Operational application warning: Validation Error {"path":"/auth/register","method":"POST","statusCode":400}
2026-06-04T06:34:32.869Z [info] HTTP Request {"method":"POST","url":"/auth/register","status":400,"duration":"14ms"}
2026-06-04T06:34:32.876Z [warn] Operational application warning: No access token provided {"path":"/auth/logout","method":"POST","statusCode":401}
2026-06-04T06:34:32.877Z [info] HTTP Request {"method":"POST","url":"/auth/logout","status":401,"duration":"1ms"}
2026-06-04T06:34:43.056Z [warn] Registration blocked: email already exists {"email":"existing_email@gtest.com"}
2026-06-04T06:34:43.215Z [warn] Login failed: incorrect password {"email":"a@b.com","userId":"id"}
2026-06-04T06:34:43.576Z [debug] Health check endpoint evaluated 
2026-06-04T06:34:43.578Z [info] HTTP Request {"method":"GET","url":"/health","status":200,"duration":"5ms"}
2026-06-04T06:34:43.586Z [warn] Operational application warning: Validation Error {"path":"/auth/register","method":"POST","statusCode":400}
2026-06-04T06:34:43.588Z [info] HTTP Request {"method":"POST","url":"/auth/register","status":400,"duration":"13ms"}
2026-06-04T06:34:43.595Z [warn] Operational application warning: No access token provided {"path":"/auth/logout","method":"POST","statusCode":401}
2026-06-04T06:34:43.595Z [info] HTTP Request {"method":"POST","url":"/auth/logout","status":401,"duration":"2ms"}
2026-06-04T06:35:54.057Z [warn] Registration blocked: email already exists {"email":"existing_email@gtest.com"}
2026-06-04T06:35:54.229Z [warn] Login failed: incorrect password {"email":"a@b.com","userId":"id"}
2026-06-04T06:35:54.604Z [debug] Health check endpoint evaluated 
2026-06-04T06:35:54.606Z [info] HTTP Request {"method":"GET","url":"/health","status":200,"duration":"5ms"}
2026-06-04T06:38:25.941Z [warn] Registration blocked: email already exists {"email":"existing_email@gtest.com"}
2026-06-04T06:38:26.099Z [warn] Login failed: incorrect password {"email":"a@b.com","userId":"id"}
2026-06-04T06:38:26.442Z [debug] Health check endpoint evaluated 
2026-06-04T06:38:26.444Z [info] HTTP Request {"method":"GET","url":"/health","status":200,"duration":"5ms"}
2026-06-04T06:38:37.836Z [warn] Registration blocked: email already exists {"email":"existing_email@gtest.com"}
2026-06-04T06:38:37.995Z [warn] Login failed: incorrect password {"email":"a@b.com","userId":"id"}
2026-06-04T06:38:38.341Z [debug] Health check endpoint evaluated 
2026-06-04T06:38:38.343Z [info] HTTP Request {"method":"GET","url":"/health","status":200,"duration":"5ms"}
2026-06-04T06:40:13.056Z [warn] Registration blocked: email already exists {"email":"existing_email@gtest.com"}
2026-06-04T06:40:13.219Z [warn] Login failed: incorrect password {"email":"a@b.com","userId":"id"}
2026-06-04T06:40:13.597Z [debug] Health check endpoint evaluated 
2026-06-04T06:40:13.599Z [info] HTTP Request {"method":"GET","url":"/health","status":200,"duration":"5ms"}
2026-06-04T06:42:21.670Z [warn] Registration blocked: email already exists {"email":"existing_email@gtest.com"}
2026-06-04T06:42:21.833Z [warn] Login failed: incorrect password {"email":"a@b.com","userId":"id"}
2026-06-04T06:42:22.230Z [debug] Health check endpoint evaluated 
2026-06-04T06:42:22.233Z [info] HTTP Request {"method":"GET","url":"/health","status":200,"duration":"5ms"}
2026-06-04T06:42:22.240Z [warn] Operational application warning: Validation Error {"path":"/auth/register","method":"POST","statusCode":400}
2026-06-04T06:42:22.242Z [info] HTTP Request {"method":"POST","url":"/auth/register","status":400,"duration":"12ms"}
2026-06-04T06:42:22.249Z [warn] Operational application warning: No access token provided {"path":"/auth/logout","method":"POST","statusCode":401}
2026-06-04T06:42:22.249Z [info] HTTP Request {"method":"POST","url":"/auth/logout","status":401,"duration":"2ms"}
2026-06-04T06:43:03.130Z [warn] Registration blocked: email already exists {"email":"existing_email@gtest.com"}
2026-06-04T06:43:03.287Z [warn] Login failed: incorrect password {"email":"a@b.com","userId":"id"}
2026-06-04T06:43:03.701Z [debug] Health check endpoint evaluated 
2026-06-04T06:43:03.704Z [info] HTTP Request {"method":"GET","url":"/health","status":200,"duration":"5ms"}
2026-06-04T06:43:03.711Z [warn] Operational application warning: Validation Error {"path":"/auth/register","method":"POST","statusCode":400}
2026-06-04T06:43:03.713Z [info] HTTP Request {"method":"POST","url":"/auth/register","status":400,"duration":"13ms"}
2026-06-04T06:43:03.720Z [warn] Operational application warning: No access token provided {"path":"/auth/logout","method":"POST","statusCode":401}
2026-06-04T06:43:03.721Z [info] HTTP Request {"method":"POST","url":"/auth/logout","status":401,"duration":"1ms"}
2026-06-04T06:45:24.629Z [warn] Registration blocked: email already exists {"email":"existing_email@gtest.com"}
2026-06-04T06:45:24.804Z [warn] Login failed: incorrect password {"email":"a@b.com","userId":"id"}
2026-06-04T06:45:25.303Z [debug] Health check endpoint evaluated 
2026-06-04T06:45:25.305Z [info] HTTP Request {"method":"GET","url":"/health","status":200,"duration":"7ms"}
2026-06-04T06:45:25.313Z [warn] Operational application warning: Validation Error {"path":"/auth/register","method":"POST","statusCode":400}
2026-06-04T06:45:25.317Z [info] HTTP Request {"method":"POST","url":"/auth/register","status":400,"duration":"12ms"}
2026-06-04T06:45:25.325Z [warn] Operational application warning: No access token provided {"path":"/auth/logout","method":"POST","statusCode":401}
2026-06-04T06:45:25.326Z [info] HTTP Request {"method":"POST","url":"/auth/logout","status":401,"duration":"2ms"}
2026-06-04T06:45:54.436Z [warn] Registration blocked: email already exists {"email":"existing_email@gtest.com"}
2026-06-04T06:45:54.598Z [warn] Login failed: incorrect password {"email":"a@b.com","userId":"id"}
2026-06-04T06:45:55.022Z [debug] Health check endpoint evaluated 
2026-06-04T06:45:55.024Z [info] HTTP Request {"method":"GET","url":"/health","status":200,"duration":"7ms"}
2026-06-04T06:45:55.030Z [warn] Operational application warning: Validation Error {"path":"/auth/register","method":"POST","statusCode":400}
2026-06-04T06:45:55.033Z [info] HTTP Request {"method":"POST","url":"/auth/register","status":400,"duration":"11ms"}
2026-06-04T06:45:55.040Z [warn] Operational application warning: No access token provided {"path":"/auth/logout","method":"POST","statusCode":401}
2026-06-04T06:45:55.041Z [info] HTTP Request {"method":"POST","url":"/auth/logout","status":401,"duration":"2ms"}
2026-06-04T06:47:42.429Z [warn] Registration blocked: email already exists {"email":"existing_email@gtest.com"}
2026-06-04T06:47:42.606Z [warn] Login failed: incorrect password {"email":"a@b.com","userId":"id"}
2026-06-04T06:47:43.061Z [debug] Health check endpoint evaluated 
2026-06-04T06:47:43.063Z [info] HTTP Request {"method":"GET","url":"/health","status":200,"duration":"5ms"}
2026-06-04T06:47:43.070Z [warn] Operational application warning: Validation Error {"path":"/auth/register","method":"POST","statusCode":400}
2026-06-04T06:47:43.072Z [info] HTTP Request {"method":"POST","url":"/auth/register","status":400,"duration":"12ms"}
2026-06-04T06:47:43.079Z [warn] Operational application warning: No access token provided {"path":"/auth/logout","method":"POST","statusCode":401}
2026-06-04T06:47:43.080Z [info] HTTP Request {"method":"POST","url":"/auth/logout","status":401,"duration":"2ms"}
2026-06-04T06:47:53.478Z [warn] Registration blocked: email already exists {"email":"existing_email@gtest.com"}
2026-06-04T06:47:53.640Z [warn] Login failed: incorrect password {"email":"a@b.com","userId":"id"}
2026-06-04T06:47:54.170Z [debug] Health check endpoint evaluated 
2026-06-04T06:47:54.175Z [info] HTTP Request {"method":"GET","url":"/health","status":200,"duration":"7ms"}
2026-06-04T06:47:54.181Z [warn] Operational application warning: Validation Error {"path":"/auth/register","method":"POST","statusCode":400}
2026-06-04T06:47:54.183Z [info] HTTP Request {"method":"POST","url":"/auth/register","status":400,"duration":"14ms"}
2026-06-04T06:47:54.192Z [warn] Operational application warning: No access token provided {"path":"/auth/logout","method":"POST","statusCode":401}
2026-06-04T06:47:54.193Z [info] HTTP Request {"method":"POST","url":"/auth/logout","status":401,"duration":"4ms"}
2026-06-04T06:48:11.081Z [warn] Registration blocked: email already exists {"email":"existing_email@gtest.com"}
2026-06-04T06:48:11.246Z [warn] Login failed: incorrect password {"email":"a@b.com","userId":"id"}
2026-06-04T06:48:11.643Z [debug] Health check endpoint evaluated 
2026-06-04T06:48:11.645Z [info] HTTP Request {"method":"GET","url":"/health","status":200,"duration":"5ms"}
2026-06-04T06:48:11.653Z [warn] Operational application warning: Validation Error {"path":"/auth/register","method":"POST","statusCode":400}
2026-06-04T06:48:11.654Z [info] HTTP Request {"method":"POST","url":"/auth/register","status":400,"duration":"11ms"}
2026-06-04T06:48:11.662Z [warn] Operational application warning: No access token provided {"path":"/auth/logout","method":"POST","statusCode":401}
2026-06-04T06:48:11.663Z [info] HTTP Request {"method":"POST","url":"/auth/logout","status":401,"duration":"2ms"}
2026-06-04T06:49:27.498Z [warn] Registration blocked: email already exists {"email":"existing_email@gtest.com"}
2026-06-04T06:49:27.650Z [warn] Login failed: incorrect password {"email":"a@b.com","userId":"id"}
2026-06-04T06:49:28.028Z [debug] Health check endpoint evaluated 
2026-06-04T06:49:28.030Z [info] HTTP Request {"method":"GET","url":"/health","status":200,"duration":"5ms"}
2026-06-04T06:50:09.506Z [warn] Registration blocked: email already exists {"email":"existing_email@gtest.com"}
2026-06-04T06:50:09.661Z [warn] Login failed: incorrect password {"email":"a@b.com","userId":"id"}
2026-06-04T06:50:10.035Z [debug] Health check endpoint evaluated 
2026-06-04T06:50:10.037Z [info] HTTP Request {"method":"GET","url":"/health","status":200,"duration":"5ms"}
2026-06-04T06:50:17.124Z [warn] Registration blocked: email already exists {"email":"existing_email@gtest.com"}
2026-06-04T06:50:17.277Z [warn] Login failed: incorrect password {"email":"a@b.com","userId":"id"}
2026-06-04T06:50:17.590Z [debug] Health check endpoint evaluated 
2026-06-04T06:50:17.592Z [info] HTTP Request {"method":"GET","url":"/health","status":200,"duration":"5ms"}
2026-06-04T06:51:23.889Z [warn] Registration blocked: email already exists {"email":"existing_email@gtest.com"}
2026-06-04T06:51:24.042Z [warn] Login failed: incorrect password {"email":"a@b.com","userId":"id"}
2026-06-04T06:51:24.426Z [debug] Health check endpoint evaluated 
2026-06-04T06:51:24.428Z [info] HTTP Request {"method":"GET","url":"/health","status":200,"duration":"5ms"}
2026-06-04T06:52:40.201Z [warn] Registration blocked: email already exists {"email":"existing_email@gtest.com"}
2026-06-04T06:52:40.350Z [warn] Login failed: incorrect password {"email":"a@b.com","userId":"id"}
2026-06-04T06:52:40.726Z [debug] Health check endpoint evaluated 
2026-06-04T06:52:40.728Z [info] HTTP Request {"method":"GET","url":"/health","status":200,"duration":"4ms"}
2026-06-04T06:58:46.537Z [warn] Registration blocked: email already exists {"email":"existing_email@gtest.com"}
2026-06-04T06:58:46.697Z [warn] Login failed: incorrect password {"email":"a@b.com","userId":"id"}
2026-06-04T06:58:47.102Z [debug] Health check endpoint evaluated 
2026-06-04T06:58:47.104Z [info] HTTP Request {"method":"GET","url":"/health","status":200,"duration":"4ms"}
2026-06-04T06:59:04.392Z [warn] Registration blocked: email already exists {"email":"existing_email@gtest.com"}
2026-06-04T06:59:04.543Z [warn] Login failed: incorrect password {"email":"a@b.com","userId":"id"}
2026-06-04T06:59:04.902Z [debug] Health check endpoint evaluated 
2026-06-04T06:59:04.904Z [info] HTTP Request {"method":"GET","url":"/health","status":200,"duration":"5ms"}
2026-06-04T06:59:55.614Z [warn] Registration blocked: email already exists {"email":"existing_email@gtest.com"}
2026-06-04T06:59:55.776Z [warn] Login failed: incorrect password {"email":"a@b.com","userId":"id"}
2026-06-04T06:59:56.182Z [debug] Health check endpoint evaluated 
2026-06-04T06:59:56.184Z [info] HTTP Request {"method":"GET","url":"/health","status":200,"duration":"5ms"}
2026-06-04T07:01:28.145Z [warn] Registration blocked: email already exists {"email":"existing_email@gtest.com"}
2026-06-04T07:01:28.304Z [warn] Login failed: incorrect password {"email":"a@b.com","userId":"id"}
2026-06-04T07:01:28.753Z [debug] Health check endpoint evaluated 
2026-06-04T07:01:28.755Z [info] HTTP Request {"method":"GET","url":"/health","status":200,"duration":"5ms"}
2026-06-04T07:02:25.631Z [warn] Registration blocked: email already exists {"email":"existing_email@gtest.com"}
2026-06-04T07:02:25.742Z [info] User registered successfully {"userId":"user-125","email":"controller@test.com"}
2026-06-04T07:02:25.791Z [warn] Login failed: incorrect password {"email":"a@b.com","userId":"id"}
2026-06-04T07:02:26.207Z [debug] Health check endpoint evaluated 
2026-06-04T07:02:26.209Z [info] HTTP Request {"method":"GET","url":"/health","status":200,"duration":"5ms"}
2026-06-04T07:03:38.092Z [warn] Registration blocked: email already exists {"email":"existing_email@gtest.com"}
2026-06-04T07:03:38.175Z [info] User registered successfully {"userId":"user-125","email":"controller@test.com"}
2026-06-04T07:03:38.254Z [warn] Login failed: incorrect password {"email":"a@b.com","userId":"id"}
2026-06-04T07:03:38.628Z [debug] Health check endpoint evaluated 
2026-06-04T07:03:38.630Z [info] HTTP Request {"method":"GET","url":"/health","status":200,"duration":"5ms"}
2026-06-04T07:04:04.547Z [warn] Registration blocked: email already exists {"email":"existing_email@gtest.com"}
2026-06-04T07:04:04.674Z [info] User registered successfully {"userId":"user-125","email":"controller@test.com"}
2026-06-04T07:04:04.722Z [warn] Login failed: incorrect password {"email":"a@b.com","userId":"id"}
2026-06-04T07:04:05.097Z [debug] Health check endpoint evaluated 
2026-06-04T07:04:05.099Z [info] HTTP Request {"method":"GET","url":"/health","status":200,"duration":"5ms"}
2026-06-04T07:05:50.488Z [warn] Registration blocked: email already exists {"email":"existing_email@gtest.com"}
2026-06-04T07:05:50.596Z [info] User registered successfully {"userId":"user-125","email":"controller@test.com"}
2026-06-04T07:05:50.664Z [warn] Login failed: incorrect password {"email":"a@b.com","userId":"id"}
2026-06-04T07:05:51.061Z [debug] Health check endpoint evaluated 
2026-06-04T07:05:51.063Z [info] HTTP Request {"method":"GET","url":"/health","status":200,"duration":"5ms"}
2026-06-04T07:10:45.063Z [warn] Registration blocked: email already exists {"email":"existing_email@gtest.com"}
2026-06-04T07:10:45.145Z [info] User registered successfully {"userId":"user-125","email":"controller@test.com"}
2026-06-04T07:10:45.227Z [warn] Login failed: incorrect password {"email":"a@b.com","userId":"id"}
2026-06-04T07:10:45.625Z [debug] Health check endpoint evaluated 
2026-06-04T07:10:45.628Z [info] HTTP Request {"method":"GET","url":"/health","status":200,"duration":"5ms"}
2026-06-04T07:14:10.663Z [warn] Registration blocked: email already exists {"email":"existing_email@gtest.com"}
2026-06-04T07:14:10.744Z [info] User registered successfully {"userId":"user-125","email":"controller@test.com"}
2026-06-04T07:14:10.825Z [warn] Login failed: incorrect password {"email":"a@b.com","userId":"id"}
2026-06-04T07:14:11.197Z [debug] Health check endpoint evaluated 
2026-06-04T07:14:11.200Z [info] HTTP Request {"method":"GET","url":"/health","status":200,"duration":"4ms"}
2026-06-04T07:14:25.140Z [warn] Registration blocked: email already exists {"email":"existing_email@gtest.com"}
2026-06-04T07:14:25.213Z [info] User registered successfully {"userId":"user-125","email":"controller@test.com"}
2026-06-04T07:14:25.299Z [warn] Login failed: incorrect password {"email":"a@b.com","userId":"id"}
2026-06-04T07:14:25.655Z [debug] Health check endpoint evaluated 
2026-06-04T07:14:25.657Z [info] HTTP Request {"method":"GET","url":"/health","status":200,"duration":"6ms"}
2026-06-04T07:15:25.559Z [warn] Registration blocked: email already exists {"email":"existing_email@gtest.com"}
2026-06-04T07:15:25.675Z [info] User registered successfully {"userId":"user-125","email":"controller@test.com"}
2026-06-04T07:15:25.723Z [warn] Login failed: incorrect password {"email":"a@b.com","userId":"id"}
2026-06-04T07:15:26.139Z [debug] Health check endpoint evaluated 
2026-06-04T07:15:26.141Z [info] HTTP Request {"method":"GET","url":"/health","status":200,"duration":"5ms"}
2026-06-04T07:17:25.869Z [warn] Registration blocked: email already exists {"email":"existing_email@gtest.com"}
2026-06-04T07:17:25.980Z [info] User registered successfully {"userId":"user-125","email":"controller@test.com"}
2026-06-04T07:17:26.029Z [warn] Login failed: incorrect password {"email":"a@b.com","userId":"id"}
2026-06-04T07:17:26.445Z [debug] Health check endpoint evaluated 
2026-06-04T07:17:26.447Z [info] HTTP Request {"method":"GET","url":"/health","status":200,"duration":"5ms"}
2026-06-04T07:18:24.579Z [warn] Registration blocked: email already exists {"email":"existing_email@gtest.com"}
2026-06-04T07:18:24.652Z [info] User registered successfully {"userId":"user-125","email":"controller@test.com"}
2026-06-04T07:18:24.749Z [warn] Login failed: incorrect password {"email":"a@b.com","userId":"id"}
2026-06-04T07:18:25.178Z [debug] Health check endpoint evaluated 
2026-06-04T07:18:25.181Z [info] HTTP Request {"method":"GET","url":"/health","status":200,"duration":"4ms"}
2026-06-04T07:37:52.559Z [debug] Health check endpoint evaluated 
2026-06-04T07:37:52.561Z [info] HTTP Request {"method":"GET","url":"/health","status":200,"duration":"3ms"}
2026-06-04T07:39:13.649Z [debug] Health check endpoint evaluated 
2026-06-04T07:39:13.651Z [info] HTTP Request {"method":"GET","url":"/health","status":200,"duration":"3ms"}
2026-06-04T07:41:12.883Z [debug] Health check endpoint evaluated 
2026-06-04T07:41:12.885Z [info] HTTP Request {"method":"GET","url":"/health","status":200,"duration":"3ms"}
2026-06-04T07:44:03.276Z [debug] Health check endpoint evaluated 
2026-06-04T07:44:03.278Z [info] HTTP Request {"method":"GET","url":"/health","status":200,"duration":"3ms"}
2026-06-04T07:44:15.297Z [debug] Health check endpoint evaluated 
2026-06-04T07:44:15.298Z [info] HTTP Request {"method":"GET","url":"/health","status":200,"duration":"3ms"}
2026-06-04T07:46:11.010Z [debug] Health check endpoint evaluated 
2026-06-04T07:46:11.013Z [info] HTTP Request {"method":"GET","url":"/health","status":200,"duration":"3ms"}
2026-06-04T07:54:07.530Z [debug] Health check endpoint evaluated 
2026-06-04T07:54:07.532Z [info] HTTP Request {"method":"GET","url":"/health","status":200,"duration":"3ms"}
2026-06-04T07:57:21.116Z [debug] Health check endpoint evaluated 
2026-06-04T07:57:21.119Z [info] HTTP Request {"method":"GET","url":"/health","status":200,"duration":"5ms"}
2026-06-04T07:57:24.259Z [debug] Health check endpoint evaluated 
2026-06-04T07:57:24.261Z [info] HTTP Request {"method":"GET","url":"/health","status":200,"duration":"3ms"}
2026-06-04T07:57:28.431Z [debug] Health check endpoint evaluated 
2026-06-04T07:57:28.433Z [info] HTTP Request {"method":"GET","url":"/health","status":200,"duration":"3ms"}
2026-06-04T07:57:33.470Z [debug] Health check endpoint evaluated 
2026-06-04T07:57:33.472Z [info] HTTP Request {"method":"GET","url":"/health","status":200,"duration":"4ms"}
2026-06-04T08:11:01.393Z [debug] Health check endpoint evaluated 
2026-06-04T08:11:01.395Z [info] HTTP Request {"method":"GET","url":"/health","status":200,"duration":"3ms"}
2026-06-04T08:11:49.497Z [info] Auth microservice successfully started {"port":3001}
2026-06-04T08:13:33.139Z [debug] Health check endpoint evaluated 
2026-06-04T08:13:33.141Z [info] HTTP Request {"method":"GET","url":"/health","status":200,"duration":"3ms"}
2026-06-04T08:15:40.726Z [debug] Health check endpoint evaluated 
2026-06-04T08:15:40.728Z [info] HTTP Request {"method":"GET","url":"/health","status":200,"duration":"3ms"}
2026-06-04T08:17:00.740Z [debug] Health check endpoint evaluated 
2026-06-04T08:17:00.743Z [info] HTTP Request {"method":"GET","url":"/health","status":200,"duration":"5ms"}
2026-06-04T08:17:05.487Z [debug] Health check endpoint evaluated 
2026-06-04T08:17:05.490Z [info] HTTP Request {"method":"GET","url":"/health","status":200,"duration":"3ms"}
2026-06-04T08:17:23.875Z [debug] Health check endpoint evaluated 
2026-06-04T08:17:23.877Z [info] HTTP Request {"method":"GET","url":"/health","status":200,"duration":"3ms"}
2026-06-04T08:17:33.152Z [debug] Health check endpoint evaluated 
2026-06-04T08:17:33.154Z [info] HTTP Request {"method":"GET","url":"/health","status":200,"duration":"3ms"}
2026-06-04T08:23:02.045Z [debug] Health check endpoint evaluated 
2026-06-04T08:23:02.048Z [info] HTTP Request {"method":"GET","url":"/health","status":200,"duration":"3ms"}
2026-06-04T08:23:13.377Z [debug] Health check endpoint evaluated 
2026-06-04T08:23:13.380Z [info] HTTP Request {"method":"GET","url":"/health","status":200,"duration":"3ms"}
2026-06-04T08:23:20.495Z [debug] Health check endpoint evaluated 
2026-06-04T08:23:20.498Z [info] HTTP Request {"method":"GET","url":"/health","status":200,"duration":"5ms"}
2026-06-04T08:23:31.329Z [debug] Health check endpoint evaluated 
2026-06-04T08:23:31.331Z [info] HTTP Request {"method":"GET","url":"/health","status":200,"duration":"4ms"}
2026-06-04T08:33:16.454Z [info] Auth microservice successfully started {"port":3001}
2026-06-04T08:52:32.418Z [debug] Health check endpoint evaluated 
2026-06-04T08:52:32.420Z [info] HTTP Request {"method":"GET","url":"/health","status":200,"duration":"3ms"}
2026-06-04T09:16:07.054Z [info] Auth microservice successfully started {"port":3001}
2026-06-04T09:16:17.684Z [debug] Health check endpoint evaluated 
2026-06-04T09:16:17.711Z [info] HTTP Request {"method":"GET","url":"/health","status":304,"duration":"23ms"}
2026-06-04T09:16:17.797Z [warn] HTTP Request {"method":"GET","url":"/favicon.ico","status":404,"duration":"12ms"}
2026-06-04T09:29:36.811Z [info] Auth microservice successfully started {"port":3001}
2026-06-04T09:29:45.439Z [debug] Health check endpoint evaluated 
2026-06-04T09:29:45.445Z [info] HTTP Request {"method":"GET","url":"/health","status":304,"duration":"6ms"}
2026-06-04T09:29:56.891Z [info] Auth microservice successfully started {"port":3001}
2026-06-04T09:31:49.152Z [info] Auth microservice successfully started {"port":3001}
2026-06-04T09:35:37.708Z [info] Auth microservice successfully started {"port":3001}
2026-06-04T09:35:52.330Z [info] Auth microservice successfully started {"port":3001}
2026-06-04T09:36:29.680Z [info] Auth microservice successfully started {"port":3001}
2026-06-04T09:36:38.784Z [info] Auth microservice successfully started {"port":3001}
2026-06-04T09:36:51.333Z [info] Auth microservice successfully started {"port":3001}
2026-06-04T09:37:23.942Z [info] Auth microservice successfully started {"port":3001}
2026-06-04T09:37:43.269Z [info] Auth microservice successfully started {"port":3001}
2026-06-04T09:37:53.843Z [info] Auth microservice successfully started {"port":3001}
2026-06-04T09:37:57.858Z [info] Auth microservice successfully started {"port":3001}
2026-06-04T09:38:07.450Z [info] Auth microservice successfully started {"port":3001}
2026-06-04T09:38:40.338Z [info] Auth microservice successfully started {"port":3001}
2026-06-04T10:14:07.123Z [info] Auth microservice successfully started {"port":3001}
2026-06-04T18:02:40.128Z [debug] Health check endpoint evaluated 
2026-06-04T18:02:40.130Z [info] HTTP Request {"method":"GET","url":"/health","status":200,"duration":"3ms"}
2026-06-09T06:15:00.730Z [info] Auth microservice successfully started {"port":3001}
2026-06-09T06:51:13.257Z [info] Auth microservice successfully started {"port":3001}
2026-06-09T06:51:22.495Z [debug] Health check endpoint evaluated 
2026-06-09T06:51:22.506Z [info] HTTP Request {"method":"GET","url":"/health","status":304,"duration":"12ms"}
2026-06-09T06:51:22.614Z [warn] HTTP Request {"method":"GET","url":"/favicon.ico","status":404,"duration":"14ms"}
2026-06-11T07:37:26.136Z [info] Auth microservice successfully started {"port":3001}
2026-06-11T07:37:56.426Z [debug] Health check endpoint evaluated 
2026-06-11T07:37:56.437Z [info] HTTP Request {"method":"GET","url":"/health","status":304,"duration":"14ms"}
2026-06-11T07:40:12.437Z [info] Auth microservice successfully started {"port":3001}
2026-06-11T07:40:35.604Z [info] Auth microservice successfully started {"port":3001}
2026-06-11T07:41:15.725Z [debug] Health check endpoint evaluated 
2026-06-11T07:41:15.740Z [info] HTTP Request {"method":"GET","url":"/health","status":304,"duration":"14ms"}
